2019-02-13 07:37:56,411:WARNING:discord.client: PyNaCl is not installed, voice will NOT be supported
2019-02-13 07:37:56,412:INFO:discord.client: on_ready has successfully been registered as an event
2019-02-13 07:37:56,412:INFO:discord.client: logging in using static token
2019-02-13 07:37:56,703:DEBUG:discord.http: GET https://discordapp.com/api/v6/users/@me with None has returned 200
2019-02-13 07:37:56,703:DEBUG:discord.http: GET https://discordapp.com/api/v6/users/@me has received {'username': 'AK-5UBot', 'verified': True, 'locale': 'en-US', 'mfa_enabled': True, 'bot': True, 'id': '532563047508738048', 'flags': 0, 'avatar': 'de8ff3f1fafb9f43a30d2f76b11f04cd', 'discriminator': '0523', 'email': None}
2019-02-13 07:37:56,709:DEBUG:discord.http: GET https://discordapp.com/api/v6/gateway with None has returned 200
2019-02-13 07:37:56,709:DEBUG:discord.http: GET https://discordapp.com/api/v6/gateway has received {'url': 'wss://gateway.discord.gg'}
2019-02-13 07:37:57,024:INFO:discord.gateway: Created websocket connected to wss://gateway.discord.gg?encoding=json&v=6
2019-02-13 07:37:57,024:DEBUG:discord.client: Dispatching event socket_raw_receive
2019-02-13 07:37:57,024:DEBUG:discord.gateway: WebSocket Event: {'t': None, 's': None, 'op': 10, 'd': {'heartbeat_interval': 41250, '_trace': ['gateway-prd-main-w8cx']}}
2019-02-13 07:37:57,024:DEBUG:discord.client: Dispatching event socket_response
2019-02-13 07:37:57,025:INFO:discord.gateway: sent the identify payload to create the websocket
2019-02-13 07:37:57,183:DEBUG:discord.client: Dispatching event socket_raw_receive
2019-02-13 07:37:57,184:DEBUG:discord.gateway: WebSocket Event: {'t': 'READY', 's': 1, 'op': 0, 'd': {'v': 6, 'user_settings': {}, 'user': {'verified': True, 'username': 'AK-5UBot', 'mfa_enabled': True, 'id': '532563047508738048', 'email': None, 'discriminator': '0523', 'bot': True, 'avatar': 'de8ff3f1fafb9f43a30d2f76b11f04cd'}, 'session_id': 'bff1e6a84f7e20af416d89cae8e6047a', 'relationships': [], 'private_channels': [], 'presences': [], 'guilds': [{'unavailable': True, 'id': '438287744683474947'}], '_trace': ['gateway-prd-main-w8cx', 'discord-sessions-prd-1-27']}}
2019-02-13 07:37:57,184:DEBUG:discord.client: Dispatching event socket_response
2019-02-13 07:37:57,186:DEBUG:discord.client: Dispatching event socket_raw_receive
2019-02-13 07:37:57,187:DEBUG:discord.gateway: WebSocket Event: {'t': 'GUILD_CREATE', 's': 2, 'op': 0, 'd': {'voice_states': [], 'verification_level': 0, 'unavailable': False, 'system_channel_id': None, 'splash': None, 'roles': [{'position': 0, 'permissions': 104324161, 'name': '@everyone', 'mentionable': False, 'managed': False, 'id': '438287744683474947', 'hoist': False, 'color': 0}, {'position': 5, 'permissions': 2146958591, 'name': 'LiquidDev', 'mentionable': False, 'managed': False, 'id': '438287828284080139', 'hoist': True, 'color': 3447003}, {'position': 4, 'permissions': 262216, 'name': 'LiquidBot', 'mentionable': True, 'managed': True, 'id': '438289739582406657', 'hoist': False, 'color': 0}, {'position': 3, 'permissions': 104324161, 'name': 'Wordpress Master', 'mentionable': True, 'managed': False, 'id': '446410764152995850', 'hoist': True, 'color': 15844367}, {'position': 2, 'permissions': 104324161, 'name': "Linux God that can't even conf his own server", 'mentionable': True, 'managed': False, 'id': '446410827386585099', 'hoist': True, 'color': 15277667}, {'position': 1, 'permissions': 104324161, 'name': 'Some Fucking Retard That Rapes Servers For Fun', 'mentionable': True, 'managed': False, 'id': '446410860659867648', 'hoist': True, 'color': 5533306}, {'position': 1, 'permissions': 262216, 'name': 'CamoBot', 'mentionable': False, 'managed': True, 'id': '530483086241300481', 'hoist': False, 'color': 0}, {'position': 1, 'permissions': 262216, 'name': 'Ter$kaBot', 'mentionable': False, 'managed': True, 'id': '532151679269863424', 'hoist': False, 'color': 0}, {'position': 1, 'permissions': 262216, 'name': 'AK-5UBot', 'mentionable': False, 'managed': True, 'id': '532564451896066060', 'hoist': False, 'color': 0}, {'position': 1, 'permissions': 104324161, 'name': 'Ter$kaMod', 'mentionable': False, 'managed': False, 'id': '532866064510615553', 'hoist': False, 'color': 0}, {'position': 1, 'permissions': 0, 'name': 'Ter$kaMuted', 'mentionable': False, 'managed': False, 'id': '532866066053857281', 'hoist': False, 'color': 5577355}], 'region': 'eu-central', 'presences': [{'user': {'id': '114796980739244032'}, 'status': 'online', 'game': {'type': 2, 'timestamps': {'start': 1550036080721, 'end': 1550036336401}, 'sync_id': '1CtAzw53AIXKjAemxy4b1j', 'state': 'Midnight Oil', 'session_id': '60f7bcb529ac1a51c859feb715bfca8a', 'party': {'id': 'spotify:114796980739244032'}, 'name': 'Spotify', 'id': 'spotify:1', 'flags': 48, 'details': 'Beds Are Burning - Remastered', 'created_at': 1550036081286, 'assets': {'large_text': 'Diesel And Dust', 'large_image': 'spotify:b3d0264e71b01c5a1863874440b709255ad03176'}}, 'client_status': {'desktop': 'online'}, 'activities': [{'type': 2, 'timestamps': {'start': 1550036080721, 'end': 1550036336401}, 'sync_id': '1CtAzw53AIXKjAemxy4b1j', 'state': 'Midnight Oil', 'session_id': '60f7bcb529ac1a51c859feb715bfca8a', 'party': {'id': 'spotify:114796980739244032'}, 'name': 'Spotify', 'id': 'spotify:1', 'flags': 48, 'details': 'Beds Are Burning - Remastered', 'created_at': 1550036081286, 'assets': {'large_text': 'Diesel And Dust', 'large_image': 'spotify:b3d0264e71b01c5a1863874440b709255ad03176'}}]}, {'user': {'id': '397454492108324864'}, 'status': 'online', 'game': {'url': 'https://www.twitch.tv/Helmerz', 'type': 3, 'name': "Jasper's micro dick", 'id': 'ec0b28a579ecb4bd', 'created_at': 1549918465864}, 'client_status': {'web': 'online'}, 'activities': [{'url': 'https://www.twitch.tv/Helmerz', 'type': 3, 'name': "Jasper's micro dick", 'id': 'ec0b28a579ecb4bd', 'created_at': 1549918465864}]}, {'user': {'id': '530481640720433153'}, 'status': 'online', 'game': None, 'client_status': {'web': 'online'}, 'activities': []}, {'user': {'id': '532563047508738048'}, 'status': 'online', 'game': {'url': 'https://www.twitch.tv/Helmerz', 'type': 3, 'name': 'the FBI pulling up to the yard', 'id': 'ec0b28a579ecb4bd', 'created_at': 1550033476449}, 'client_status': {'web': 'online'}, 'activities': [{'url': 'https://www.twitch.tv/Helmerz', 'type': 3, 'name': 'the FBI pulling up to the yard', 'id': 'ec0b28a579ecb4bd', 'created_at': 1550033476449}]}], 'owner_id': '191608800619266048', 'name': 'LiquidBot', 'mfa_level': 0, 'members': [{'user': {'username': 'Aksu', 'id': '114796980739244032', 'discriminator': '1010', 'avatar': 'a_f43598dab095cea2684fddddd052ad72'}, 'roles': ['438287828284080139', '446410827386585099'], 'mute': False, 'joined_at': '2018-04-24T10:39:17.659000+00:00', 'deaf': False}, {'user': {'username': 'Helmerz', 'id': '191608800619266048', 'discriminator': '8030', 'avatar': '0e064ab99827e6bea2583a847b6056fe'}, 'roles': ['446410860659867648', '532866064510615553', '438287828284080139'], 'nick': None, 'mute': False, 'joined_at': '2018-04-24T10:39:01.339000+00:00', 'deaf': False}, {'user': {'username': 'Camopoltergeist', 'id': '244796490042703892', 'discriminator': '9844', 'avatar': '9ed1389d78c6d9128663711708171eaf'}, 'roles': ['438287828284080139', '446410764152995850', '532866064510615553'], 'mute': False, 'joined_at': '2018-04-24T10:39:25.833000+00:00', 'deaf': False}, {'user': {'username': 'Ter$kaBot', 'id': '397454492108324864', 'discriminator': '6161', 'bot': True, 'avatar': 'a44627dbe11846164f9d517f142999e2'}, 'roles': ['532151679269863424'], 'mute': False, 'joined_at': '2019-01-08T11:00:47.229000+00:00', 'deaf': False}, {'user': {'username': 'LiquidBot', 'id': '438287007400067072', 'discriminator': '1306', 'bot': True, 'avatar': None}, 'roles': ['438289739582406657'], 'nick': 'LiquidBot Release Branch', 'mute': False, 'joined_at': '2018-04-24T10:46:57.070000+00:00', 'deaf': False}, {'user': {'username': 'Liquid Testerbot', 'id': '447055358242848769', 'discriminator': '2152', 'bot': True, 'avatar': None}, 'roles': [], 'mute': False, 'joined_at': '2018-05-18T15:28:53.434000+00:00', 'deaf': False}, {'user': {'username': 'CamoBot', 'id': '530481640720433153', 'discriminator': '7794', 'bot': True, 'avatar': '117b5c18d5ad2b597969f7f5a9350acf'}, 'roles': ['530483086241300481'], 'mute': False, 'joined_at': '2019-01-03T20:30:23.420000+00:00', 'deaf': False}, {'user': {'username': 'AK-5UBot', 'id': '532563047508738048', 'discriminator': '0523', 'bot': True, 'avatar': 'de8ff3f1fafb9f43a30d2f76b11f04cd'}, 'roles': ['532564451896066060'], 'mute': False, 'joined_at': '2019-01-09T14:20:59.952000+00:00', 'deaf': False}], 'member_count': 8, 'lazy': True, 'large': False, 'joined_at': '2019-01-09T14:20:59.952000+00:00', 'id': '438287744683474947', 'icon': '2923439a78b7d71770273706466fd9ee', 'features': [], 'explicit_content_filter': 0, 'emojis': [{'roles': [], 'require_colons': True, 'name': 'FeelsDankMan', 'managed': False, 'id': '445978126317780992', 'animated': False}, {'roles': [], 'require_colons': True, 'name': 'KappaDeal', 'managed': False, 'id': '445978212439425024', 'animated': False}, {'roles': [], 'require_colons': True, 'name': 'KappaPride', 'managed': False, 'id': '445978243284205578', 'animated': False}, {'roles': [], 'require_colons': True, 'name': 'SeemsGood', 'managed': False, 'id': '445978281250914324', 'animated': False}, {'roles': [], 'require_colons': True, 'name': 'thonokang', 'managed': False, 'id': '445978317468729344', 'animated': False}, {'roles': [], 'require_colons': True, 'name': 'thonhyper', 'managed': False, 'id': '445978349677051914', 'animated': False}, {'roles': [], 'require_colons': True, 'name': 'thenking', 'managed': False, 'id': '445978364185018379', 'animated': False}, {'roles': [], 'require_colons': True, 'name': 'TriHard', 'managed': False, 'id': '445978556791783456', 'animated': False}, {'roles': [], 'require_colons': True, 'name': 'FeelsBadMan', 'managed': False, 'id': '445978557114744832', 'animated': False}, {'roles': [], 'require_colons': True, 'name': 'PogChamp', 'managed': False, 'id': '445978557210951680', 'animated': False}, {'roles': [], 'require_colons': True, 'name': 'Hitler', 'managed': False, 'id': '445978557295099905', 'animated': False}, {'roles': [], 'require_colons': True, 'name': 'TrumpGood', 'managed': False, 'id': '445978557378985984', 'animated': False}, {'roles': [], 'require_colons': True, 'name': 'PickeRick', 'managed': False, 'id': '445978557412540418', 'animated': False}, {'roles': [], 'require_colons': True, 'name': 'RetardedPepe', 'managed': False, 'id': '445978557534175234', 'animated': False}, {'roles': [], 'require_colons': True, 'name': 'PepeHug', 'managed': False, 'id': '445978557689102346', 'animated': False}, {'roles': [], 'require_colons': True, 'name': 'PepeHugHappy', 'managed': False, 'id': '445978557689364480', 'animated': False}, {'roles': [], 'require_colons': True, 'name': 'NotLikeThis', 'managed': False, 'id': '445978557970120715', 'animated': False}, {'roles': [], 'require_colons': True, 'name': 'scared', 'managed': False, 'id': '445978557987160064', 'animated': False}, {'roles': [], 'require_colons': True, 'name': 'sharkHQ', 'managed': False, 'id': '445978558070784001', 'animated': False}, {'roles': [], 'require_colons': True, 'name': 'ChuSay', 'managed': False, 'id': '446583134423875585', 'animated': False}, {'roles': [], 'require_colons': True, 'name': 'monakS', 'managed': False, 'id': '451697736539176960', 'animated': False}, {'roles': [], 'require_colons': True, 'name': 'dab', 'managed': False, 'id': '521590433978253332', 'animated': False}, {'roles': [], 'require_colons': True, 'name': 'trapthink', 'managed': False, 'id': '525466387745865738', 'animated': False}, {'roles': [], 'require_colons': True, 'name': 'yeet', 'managed': False, 'id': '526881678577369109', 'animated': False}, {'roles': [], 'require_colons': True, 'name': 'LUL', 'managed': False, 'id': '535589284766547968', 'animated': False}, {'roles': [], 'require_colons': True, 'name': 'peepoHurt', 'managed': False, 'id': '537541923284713482', 'animated': False}], 'default_message_notifications': 0, 'channels': [{'user_limit': 0, 'type': 4, 'position': 0, 'permission_overwrites': [], 'name': 'General', 'id': '438287744683474948', 'bitrate': 64000}, {'type': 0, 'topic': 'General chat about the progress', 'rate_limit_per_user': 0, 'position': 0, 'permission_overwrites': [{'type': 'role', 'id': '532866066053857281', 'deny': 2107456, 'allow': 0}], 'parent_id': '438287744683474948', 'name': 'general', 'last_pin_timestamp': '2018-05-31T11:32:56.022000+00:00', 'last_message_id': '544975510732668941', 'id': '438287744683474949'}, {'user_limit': 0, 'type': 2, 'position': 0, 'permission_overwrites': [{'type': 'role', 'id': '532866066053857281', 'deny': 2107456, 'allow': 0}], 'parent_id': '438287744683474948', 'name': 'General', 'id': '438287744683474952', 'bitrate': 64000}, {'type': 0, 'topic': 'Spam all the bot commands here!', 'rate_limit_per_user': 0, 'position': 1, 'permission_overwrites': [{'type': 'role', 'id': '532866066053857281', 'deny': 2107456, 'allow': 0}], 'parent_id': '438287744683474948', 'nsfw': True, 'name': 'bot_spam', 'last_message_id': '545116383030149121', 'id': '438288108891537409'}, {'user_limit': 0, 'type': 4, 'position': 1, 'permission_overwrites': [], 'name': 'private', 'id': '438288349577478144', 'bitrate': 64000}, {'type': 0, 'topic': '', 'rate_limit_per_user': 0, 'position': 3, 'permission_overwrites': [{'type': 'role', 'id': '532866066053857281', 'deny': 2107456, 'allow': 0}], 'parent_id': '438288349577478144', 'nsfw': True, 'name': 'camopoltergeist', 'last_message_id': None, 'id': '438288381894721537'}, {'type': 0, 'topic': '', 'rate_limit_per_user': 0, 'position': 2, 'permission_overwrites': [{'type': 'role', 'id': '532866066053857281', 'deny': 2107456, 'allow': 0}], 'parent_id': '438288349577478144', 'nsfw': True, 'name': 'aksu560', 'last_message_id': None, 'id': '438288407672913950'}, {'type': 0, 'topic': '', 'rate_limit_per_user': 0, 'position': 4, 'permission_overwrites': [{'type': 'role', 'id': '532866066053857281', 'deny': 2107456, 'allow': 0}], 'parent_id': '438288349577478144', 'nsfw': True, 'name': 'helmerz', 'last_message_id': '438398786809757706', 'id': '438288425917874186'}], 'application_id': None, 'afk_timeout': 300, 'afk_channel_id': None}}
2019-02-13 07:37:57,187:DEBUG:discord.client: Dispatching event socket_response
2019-02-13 07:37:57,188:DEBUG:discord.client: Dispatching event server_available
2019-02-13 07:37:59,173:DEBUG:discord.client: Dispatching event ready
2019-02-13 07:37:59,829:DEBUG:discord.client: Dispatching event socket_raw_receive
2019-02-13 07:37:59,829:DEBUG:discord.gateway: WebSocket Event: {'t': 'TYPING_START', 's': 3, 'op': 0, 'd': {'user_id': '114796980739244032', 'timestamp': 1550036279, 'member': {'user': {'username': 'Aksu', 'id': '114796980739244032', 'discriminator': '1010', 'avatar': 'a_f43598dab095cea2684fddddd052ad72'}, 'roles': ['438287828284080139', '446410827386585099'], 'mute': False, 'joined_at': '2018-04-24T10:39:17.659000+00:00', 'deaf': False}, 'channel_id': '438288108891537409', 'guild_id': '438287744683474947'}}
2019-02-13 07:37:59,829:DEBUG:discord.client: Dispatching event socket_response
2019-02-13 07:37:59,830:DEBUG:discord.client: Dispatching event typing
2019-02-13 07:38:02,295:DEBUG:discord.client: Dispatching event socket_raw_receive
2019-02-13 07:38:02,296:DEBUG:discord.gateway: WebSocket Event: {'t': 'MESSAGE_CREATE', 's': 4, 'op': 0, 'd': {'type': 0, 'tts': False, 'timestamp': '2019-02-13T05:38:02.424000+00:00', 'pinned': False, 'nonce': '545116419210084352', 'mentions': [], 'mention_roles': [], 'mention_everyone': False, 'member': {'roles': ['438287828284080139', '446410827386585099'], 'mute': False, 'joined_at': '2018-04-24T10:39:17.659000+00:00', 'deaf': False}, 'id': '545116420514643975', 'embeds': [], 'edited_timestamp': None, 'content': '&goodnight', 'channel_id': '438288108891537409', 'author': {'username': 'Aksu', 'id': '114796980739244032', 'discriminator': '1010', 'avatar': 'a_f43598dab095cea2684fddddd052ad72'}, 'attachments': [], 'guild_id': '438287744683474947'}}
2019-02-13 07:38:02,296:DEBUG:discord.client: Dispatching event socket_response
2019-02-13 07:38:02,296:DEBUG:discord.client: Dispatching event message
2019-02-13 07:38:02,296:DEBUG:discord.client: Dispatching event command
2019-02-13 07:38:02,296:DEBUG:discord.client: Dispatching event command_completion
2019-02-13 07:38:18,445:DEBUG:discord.client: Dispatching event socket_raw_receive
2019-02-13 07:38:18,445:DEBUG:discord.gateway: WebSocket Event: {'t': 'TYPING_START', 's': 5, 'op': 0, 'd': {'user_id': '114796980739244032', 'timestamp': 1550036298, 'member': {'user': {'username': 'Aksu', 'id': '114796980739244032', 'discriminator': '1010', 'avatar': 'a_f43598dab095cea2684fddddd052ad72'}, 'roles': ['438287828284080139', '446410827386585099'], 'mute': False, 'joined_at': '2018-04-24T10:39:17.659000+00:00', 'deaf': False}, 'channel_id': '438288108891537409', 'guild_id': '438287744683474947'}}
2019-02-13 07:38:18,445:DEBUG:discord.client: Dispatching event socket_response
2019-02-13 07:38:18,445:DEBUG:discord.client: Dispatching event typing
2019-02-13 07:38:19,275:DEBUG:discord.client: Dispatching event socket_raw_receive
2019-02-13 07:38:19,275:DEBUG:discord.gateway: WebSocket Event: {'t': 'MESSAGE_CREATE', 's': 6, 'op': 0, 'd': {'type': 0, 'tts': False, 'timestamp': '2019-02-13T05:38:19.418000+00:00', 'pinned': False, 'nonce': '545116490483892224', 'mentions': [], 'mention_roles': [], 'mention_everyone': False, 'member': {'roles': ['438287828284080139', '446410827386585099'], 'mute': False, 'joined_at': '2018-04-24T10:39:17.659000+00:00', 'deaf': False}, 'id': '545116491792646154', 'embeds': [], 'edited_timestamp': None, 'content': '&reload', 'channel_id': '438288108891537409', 'author': {'username': 'Aksu', 'id': '114796980739244032', 'discriminator': '1010', 'avatar': 'a_f43598dab095cea2684fddddd052ad72'}, 'attachments': [], 'guild_id': '438287744683474947'}}
2019-02-13 07:38:19,275:DEBUG:discord.client: Dispatching event socket_response
2019-02-13 07:38:19,276:DEBUG:discord.client: Dispatching event message
2019-02-13 07:38:19,276:DEBUG:discord.client: Dispatching event command
2019-02-13 07:38:19,533:DEBUG:discord.client: Dispatching event socket_raw_receive
2019-02-13 07:38:19,533:DEBUG:discord.gateway: WebSocket Event: {'t': 'MESSAGE_CREATE', 's': 7, 'op': 0, 'd': {'type': 0, 'tts': False, 'timestamp': '2019-02-13T05:38:19.674000+00:00', 'pinned': False, 'nonce': None, 'mentions': [], 'mention_roles': [], 'mention_everyone': False, 'member': {'roles': ['532564451896066060'], 'mute': False, 'joined_at': '2019-01-09T14:20:59.952000+00:00', 'deaf': False}, 'id': '545116492866519050', 'embeds': [], 'edited_timestamp': None, 'content': 'Reloading cogs:```css\n.shadownet - success\n.help - success\n.upkeep - success\n```', 'channel_id': '438288108891537409', 'author': {'username': 'AK-5UBot', 'id': '532563047508738048', 'discriminator': '0523', 'bot': True, 'avatar': 'de8ff3f1fafb9f43a30d2f76b11f04cd'}, 'attachments': [], 'guild_id': '438287744683474947'}}
2019-02-13 07:38:19,533:DEBUG:discord.client: Dispatching event socket_response
2019-02-13 07:38:19,534:DEBUG:discord.client: Dispatching event message
2019-02-13 07:38:19,716:DEBUG:discord.http: POST https://discordapp.com/api/v6/channels/438288108891537409/messages with {"content":"Reloading cogs:```css\n.shadownet - success\n.help - success\n.upkeep - success\n```"} has returned 200
2019-02-13 07:38:19,717:DEBUG:discord.http: POST https://discordapp.com/api/v6/channels/438288108891537409/messages has received {'nonce': None, 'attachments': [], 'tts': False, 'embeds': [], 'timestamp': '2019-02-13T05:38:19.674000+00:00', 'mention_everyone': False, 'id': '545116492866519050', 'pinned': False, 'edited_timestamp': None, 'author': {'username': 'AK-5UBot', 'discriminator': '0523', 'bot': True, 'id': '532563047508738048', 'avatar': 'de8ff3f1fafb9f43a30d2f76b11f04cd'}, 'mention_roles': [], 'content': 'Reloading cogs:```css\n.shadownet - success\n.help - success\n.upkeep - success\n```', 'channel_id': '438288108891537409', 'mentions': [], 'type': 0}
2019-02-13 07:38:19,717:DEBUG:discord.client: Dispatching event command_completion
2019-02-13 07:38:20,435:DEBUG:discord.client: Dispatching event socket_raw_receive
2019-02-13 07:38:20,435:DEBUG:discord.gateway: WebSocket Event: {'t': 'TYPING_START', 's': 8, 'op': 0, 'd': {'user_id': '114796980739244032', 'timestamp': 1550036300, 'member': {'user': {'username': 'Aksu', 'id': '114796980739244032', 'discriminator': '1010', 'avatar': 'a_f43598dab095cea2684fddddd052ad72'}, 'roles': ['438287828284080139', '446410827386585099'], 'mute': False, 'joined_at': '2018-04-24T10:39:17.659000+00:00', 'deaf': False}, 'channel_id': '438288108891537409', 'guild_id': '438287744683474947'}}
2019-02-13 07:38:20,435:DEBUG:discord.client: Dispatching event socket_response
2019-02-13 07:38:20,435:DEBUG:discord.client: Dispatching event typing
2019-02-13 07:38:22,790:DEBUG:discord.client: Dispatching event socket_raw_receive
2019-02-13 07:38:22,790:DEBUG:discord.gateway: WebSocket Event: {'t': 'MESSAGE_CREATE', 's': 9, 'op': 0, 'd': {'type': 0, 'tts': False, 'timestamp': '2019-02-13T05:38:22.860000+00:00', 'pinned': False, 'nonce': '545116505172344832', 'mentions': [], 'mention_roles': [], 'mention_everyone': False, 'member': {'roles': ['438287828284080139', '446410827386585099'], 'mute': False, 'joined_at': '2018-04-24T10:39:17.659000+00:00', 'deaf': False}, 'id': '545116506229309472', 'embeds': [], 'edited_timestamp': None, 'content': '&goodnight', 'channel_id': '438288108891537409', 'author': {'username': 'Aksu', 'id': '114796980739244032', 'discriminator': '1010', 'avatar': 'a_f43598dab095cea2684fddddd052ad72'}, 'attachments': [], 'guild_id': '438287744683474947'}}
2019-02-13 07:38:22,790:DEBUG:discord.client: Dispatching event socket_response
2019-02-13 07:38:22,791:DEBUG:discord.client: Dispatching event message
2019-02-13 07:38:22,791:DEBUG:discord.client: Dispatching event command
2019-02-13 07:38:22,791:DEBUG:discord.client: Dispatching event command_completion
2019-02-13 07:38:38,276:DEBUG:discord.gateway: Keeping websocket alive with sequence 9
2019-02-13 07:38:38,422:DEBUG:discord.client: Dispatching event socket_raw_receive
2019-02-13 07:38:38,423:DEBUG:discord.gateway: WebSocket Event: {'t': None, 's': None, 'op': 11, 'd': None}
2019-02-13 07:38:38,423:DEBUG:discord.client: Dispatching event socket_response
2019-02-13 07:38:41,686:DEBUG:discord.client: Dispatching event socket_raw_receive
2019-02-13 07:38:41,687:DEBUG:discord.gateway: WebSocket Event: {'t': 'TYPING_START', 's': 10, 'op': 0, 'd': {'user_id': '114796980739244032', 'timestamp': 1550036321, 'member': {'user': {'username': 'Aksu', 'id': '114796980739244032', 'discriminator': '1010', 'avatar': 'a_f43598dab095cea2684fddddd052ad72'}, 'roles': ['438287828284080139', '446410827386585099'], 'mute': False, 'joined_at': '2018-04-24T10:39:17.659000+00:00', 'deaf': False}, 'channel_id': '438288108891537409', 'guild_id': '438287744683474947'}}
2019-02-13 07:38:41,687:DEBUG:discord.client: Dispatching event socket_response
2019-02-13 07:38:41,687:DEBUG:discord.client: Dispatching event typing
2019-02-13 07:38:42,594:DEBUG:discord.client: Dispatching event socket_raw_receive
2019-02-13 07:38:42,594:DEBUG:discord.gateway: WebSocket Event: {'t': 'MESSAGE_CREATE', 's': 11, 'op': 0, 'd': {'type': 0, 'tts': False, 'timestamp': '2019-02-13T05:38:42.735000+00:00', 'pinned': False, 'nonce': '545116588269895680', 'mentions': [], 'mention_roles': [], 'mention_everyone': False, 'member': {'roles': ['438287828284080139', '446410827386585099'], 'mute': False, 'joined_at': '2018-04-24T10:39:17.659000+00:00', 'deaf': False}, 'id': '545116589591363584', 'embeds': [], 'edited_timestamp': None, 'content': '&reload', 'channel_id': '438288108891537409', 'author': {'username': 'Aksu', 'id': '114796980739244032', 'discriminator': '1010', 'avatar': 'a_f43598dab095cea2684fddddd052ad72'}, 'attachments': [], 'guild_id': '438287744683474947'}}
2019-02-13 07:38:42,594:DEBUG:discord.client: Dispatching event socket_response
2019-02-13 07:38:42,594:DEBUG:discord.client: Dispatching event message
2019-02-13 07:38:42,595:DEBUG:discord.client: Dispatching event command
2019-02-13 07:38:42,780:DEBUG:discord.client: Dispatching event socket_raw_receive
2019-02-13 07:38:42,780:DEBUG:discord.gateway: WebSocket Event: {'t': 'MESSAGE_CREATE', 's': 12, 'op': 0, 'd': {'type': 0, 'tts': False, 'timestamp': '2019-02-13T05:38:42.825000+00:00', 'pinned': False, 'nonce': None, 'mentions': [], 'mention_roles': [], 'mention_everyone': False, 'member': {'roles': ['532564451896066060'], 'mute': False, 'joined_at': '2019-01-09T14:20:59.952000+00:00', 'deaf': False}, 'id': '545116589968850946', 'embeds': [], 'edited_timestamp': None, 'content': 'Reloading cogs:```css\n.shadownet - success\n.help - success\n.upkeep - success\n```', 'channel_id': '438288108891537409', 'author': {'username': 'AK-5UBot', 'id': '532563047508738048', 'discriminator': '0523', 'bot': True, 'avatar': 'de8ff3f1fafb9f43a30d2f76b11f04cd'}, 'attachments': [], 'guild_id': '438287744683474947'}}
2019-02-13 07:38:42,780:DEBUG:discord.client: Dispatching event socket_response
2019-02-13 07:38:42,780:DEBUG:discord.client: Dispatching event message
2019-02-13 07:38:42,790:DEBUG:discord.http: POST https://discordapp.com/api/v6/channels/438288108891537409/messages with {"content":"Reloading cogs:```css\n.shadownet - success\n.help - success\n.upkeep - success\n```"} has returned 200
2019-02-13 07:38:42,790:DEBUG:discord.http: POST https://discordapp.com/api/v6/channels/438288108891537409/messages has received {'nonce': None, 'attachments': [], 'tts': False, 'embeds': [], 'timestamp': '2019-02-13T05:38:42.825000+00:00', 'mention_everyone': False, 'id': '545116589968850946', 'pinned': False, 'edited_timestamp': None, 'author': {'username': 'AK-5UBot', 'discriminator': '0523', 'bot': True, 'id': '532563047508738048', 'avatar': 'de8ff3f1fafb9f43a30d2f76b11f04cd'}, 'mention_roles': [], 'content': 'Reloading cogs:```css\n.shadownet - success\n.help - success\n.upkeep - success\n```', 'channel_id': '438288108891537409', 'mentions': [], 'type': 0}
2019-02-13 07:38:42,790:DEBUG:discord.client: Dispatching event command_completion
2019-02-13 07:38:44,050:DEBUG:discord.client: Dispatching event socket_raw_receive
2019-02-13 07:38:44,051:DEBUG:discord.gateway: WebSocket Event: {'t': 'TYPING_START', 's': 13, 'op': 0, 'd': {'user_id': '114796980739244032', 'timestamp': 1550036324, 'member': {'user': {'username': 'Aksu', 'id': '114796980739244032', 'discriminator': '1010', 'avatar': 'a_f43598dab095cea2684fddddd052ad72'}, 'roles': ['438287828284080139', '446410827386585099'], 'mute': False, 'joined_at': '2018-04-24T10:39:17.659000+00:00', 'deaf': False}, 'channel_id': '438288108891537409', 'guild_id': '438287744683474947'}}
2019-02-13 07:38:44,051:DEBUG:discord.client: Dispatching event socket_response
2019-02-13 07:38:44,051:DEBUG:discord.client: Dispatching event typing
2019-02-13 07:38:45,621:DEBUG:discord.client: Dispatching event socket_raw_receive
2019-02-13 07:38:45,621:DEBUG:discord.gateway: WebSocket Event: {'t': 'MESSAGE_CREATE', 's': 14, 'op': 0, 'd': {'type': 0, 'tts': False, 'timestamp': '2019-02-13T05:38:45.762000+00:00', 'pinned': False, 'nonce': '545116600961859584', 'mentions': [], 'mention_roles': [], 'mention_everyone': False, 'member': {'roles': ['438287828284080139', '446410827386585099'], 'mute': False, 'joined_at': '2018-04-24T10:39:17.659000+00:00', 'deaf': False}, 'id': '545116602287259648', 'embeds': [], 'edited_timestamp': None, 'content': '&goodnight', 'channel_id': '438288108891537409', 'author': {'username': 'Aksu', 'id': '114796980739244032', 'discriminator': '1010', 'avatar': 'a_f43598dab095cea2684fddddd052ad72'}, 'attachments': [], 'guild_id': '438287744683474947'}}
2019-02-13 07:38:45,621:DEBUG:discord.client: Dispatching event socket_response
2019-02-13 07:38:45,621:DEBUG:discord.client: Dispatching event message
2019-02-13 07:38:45,621:DEBUG:discord.client: Dispatching event command
2019-02-13 07:38:45,622:DEBUG:discord.client: Dispatching event command_completion
2019-02-13 07:38:57,399:DEBUG:discord.client: Dispatching event socket_raw_receive
2019-02-13 07:38:57,399:DEBUG:discord.gateway: WebSocket Event: {'t': 'PRESENCE_UPDATE', 's': 15, 'op': 0, 'd': {'user': {'id': '114796980739244032'}, 'status': 'online', 'roles': ['438287828284080139', '446410827386585099'], 'guild_id': '438287744683474947', 'game': {'type': 2, 'timestamps': {'start': 1550036336911, 'end': 1550036543457}, 'sync_id': '12dbm3GD7mGrySotwE6dm5', 'state': 'Sabaton', 'session_id': '60f7bcb529ac1a51c859feb715bfca8a', 'party': {'id': 'spotify:114796980739244032'}, 'name': 'Spotify', 'id': 'spotify:1', 'flags': 48, 'details': 'To Hell and Back', 'created_at': 1550036337544, 'assets': {'large_text': 'Heroes', 'large_image': 'spotify:5dbab5dba7c2fd97e4ee0465f81427f1d031e9d5'}}, 'client_status': {'desktop': 'online'}, 'activities': [{'type': 2, 'timestamps': {'start': 1550036336911, 'end': 1550036543457}, 'sync_id': '12dbm3GD7mGrySotwE6dm5', 'state': 'Sabaton', 'session_id': '60f7bcb529ac1a51c859feb715bfca8a', 'party': {'id': 'spotify:114796980739244032'}, 'name': 'Spotify', 'id': 'spotify:1', 'flags': 48, 'details': 'To Hell and Back', 'created_at': 1550036337544, 'assets': {'large_text': 'Heroes', 'large_image': 'spotify:5dbab5dba7c2fd97e4ee0465f81427f1d031e9d5'}}]}}
2019-02-13 07:38:57,399:DEBUG:discord.client: Dispatching event socket_response
2019-02-13 07:38:57,399:DEBUG:discord.client: Dispatching event member_update
2019-02-13 07:39:19,526:DEBUG:discord.gateway: Keeping websocket alive with sequence 15
2019-02-13 07:39:19,669:DEBUG:discord.client: Dispatching event socket_raw_receive
2019-02-13 07:39:19,670:DEBUG:discord.gateway: WebSocket Event: {'t': None, 's': None, 'op': 11, 'd': None}
2019-02-13 07:39:19,670:DEBUG:discord.client: Dispatching event socket_response
2019-02-13 07:39:36,788:DEBUG:discord.client: Dispatching event socket_raw_receive
2019-02-13 07:39:36,788:DEBUG:discord.gateway: WebSocket Event: {'t': 'TYPING_START', 's': 16, 'op': 0, 'd': {'user_id': '114796980739244032', 'timestamp': 1550036376, 'member': {'user': {'username': 'Aksu', 'id': '114796980739244032', 'discriminator': '1010', 'avatar': 'a_f43598dab095cea2684fddddd052ad72'}, 'roles': ['438287828284080139', '446410827386585099'], 'mute': False, 'joined_at': '2018-04-24T10:39:17.659000+00:00', 'deaf': False}, 'channel_id': '438288108891537409', 'guild_id': '438287744683474947'}}
2019-02-13 07:39:36,788:DEBUG:discord.client: Dispatching event socket_response
2019-02-13 07:39:36,788:DEBUG:discord.client: Dispatching event typing
2019-02-13 07:39:37,620:DEBUG:discord.client: Dispatching event socket_raw_receive
2019-02-13 07:39:37,620:DEBUG:discord.gateway: WebSocket Event: {'t': 'MESSAGE_CREATE', 's': 17, 'op': 0, 'd': {'type': 0, 'tts': False, 'timestamp': '2019-02-13T05:39:37.755000+00:00', 'pinned': False, 'nonce': '545116819019530240', 'mentions': [], 'mention_roles': [], 'mention_everyone': False, 'member': {'roles': ['438287828284080139', '446410827386585099'], 'mute': False, 'joined_at': '2018-04-24T10:39:17.659000+00:00', 'deaf': False}, 'id': '545116820361969666', 'embeds': [], 'edited_timestamp': None, 'content': '&reload', 'channel_id': '438288108891537409', 'author': {'username': 'Aksu', 'id': '114796980739244032', 'discriminator': '1010', 'avatar': 'a_f43598dab095cea2684fddddd052ad72'}, 'attachments': [], 'guild_id': '438287744683474947'}}
2019-02-13 07:39:37,620:DEBUG:discord.client: Dispatching event socket_response
2019-02-13 07:39:37,621:DEBUG:discord.client: Dispatching event message
2019-02-13 07:39:37,621:DEBUG:discord.client: Dispatching event command
2019-02-13 07:39:37,809:DEBUG:discord.client: Dispatching event socket_raw_receive
2019-02-13 07:39:37,810:DEBUG:discord.gateway: WebSocket Event: {'t': 'MESSAGE_CREATE', 's': 18, 'op': 0, 'd': {'type': 0, 'tts': False, 'timestamp': '2019-02-13T05:39:37.864000+00:00', 'pinned': False, 'nonce': None, 'mentions': [], 'mention_roles': [], 'mention_everyone': False, 'member': {'roles': ['532564451896066060'], 'mute': False, 'joined_at': '2019-01-09T14:20:59.952000+00:00', 'deaf': False}, 'id': '545116820819017739', 'embeds': [], 'edited_timestamp': None, 'content': 'Reloading cogs:```css\n.shadownet - success\n.help - success\n.upkeep - success\n```', 'channel_id': '438288108891537409', 'author': {'username': 'AK-5UBot', 'id': '532563047508738048', 'discriminator': '0523', 'bot': True, 'avatar': 'de8ff3f1fafb9f43a30d2f76b11f04cd'}, 'attachments': [], 'guild_id': '438287744683474947'}}
2019-02-13 07:39:37,810:DEBUG:discord.client: Dispatching event socket_response
2019-02-13 07:39:37,810:DEBUG:discord.client: Dispatching event message
2019-02-13 07:39:37,824:DEBUG:discord.http: POST https://discordapp.com/api/v6/channels/438288108891537409/messages with {"content":"Reloading cogs:```css\n.shadownet - success\n.help - success\n.upkeep - success\n```"} has returned 200
2019-02-13 07:39:37,824:DEBUG:discord.http: POST https://discordapp.com/api/v6/channels/438288108891537409/messages has received {'nonce': None, 'attachments': [], 'tts': False, 'embeds': [], 'timestamp': '2019-02-13T05:39:37.864000+00:00', 'mention_everyone': False, 'id': '545116820819017739', 'pinned': False, 'edited_timestamp': None, 'author': {'username': 'AK-5UBot', 'discriminator': '0523', 'bot': True, 'id': '532563047508738048', 'avatar': 'de8ff3f1fafb9f43a30d2f76b11f04cd'}, 'mention_roles': [], 'content': 'Reloading cogs:```css\n.shadownet - success\n.help - success\n.upkeep - success\n```', 'channel_id': '438288108891537409', 'mentions': [], 'type': 0}
2019-02-13 07:39:37,825:DEBUG:discord.client: Dispatching event command_completion
2019-02-13 07:39:38,845:DEBUG:discord.client: Dispatching event socket_raw_receive
2019-02-13 07:39:38,846:DEBUG:discord.gateway: WebSocket Event: {'t': 'TYPING_START', 's': 19, 'op': 0, 'd': {'user_id': '114796980739244032', 'timestamp': 1550036379, 'member': {'user': {'username': 'Aksu', 'id': '114796980739244032', 'discriminator': '1010', 'avatar': 'a_f43598dab095cea2684fddddd052ad72'}, 'roles': ['438287828284080139', '446410827386585099'], 'mute': False, 'joined_at': '2018-04-24T10:39:17.659000+00:00', 'deaf': False}, 'channel_id': '438288108891537409', 'guild_id': '438287744683474947'}}
2019-02-13 07:39:38,846:DEBUG:discord.client: Dispatching event socket_response
2019-02-13 07:39:38,846:DEBUG:discord.client: Dispatching event typing
2019-02-13 07:39:40,274:DEBUG:discord.client: Dispatching event socket_raw_receive
2019-02-13 07:39:40,274:DEBUG:discord.gateway: WebSocket Event: {'t': 'MESSAGE_CREATE', 's': 20, 'op': 0, 'd': {'type': 0, 'tts': False, 'timestamp': '2019-02-13T05:39:40.413000+00:00', 'pinned': False, 'nonce': '545116830214127616', 'mentions': [], 'mention_roles': [], 'mention_everyone': False, 'member': {'roles': ['438287828284080139', '446410827386585099'], 'mute': False, 'joined_at': '2018-04-24T10:39:17.659000+00:00', 'deaf': False}, 'id': '545116831510167572', 'embeds': [], 'edited_timestamp': None, 'content': '&goodnight', 'channel_id': '438288108891537409', 'author': {'username': 'Aksu', 'id': '114796980739244032', 'discriminator': '1010', 'avatar': 'a_f43598dab095cea2684fddddd052ad72'}, 'attachments': [], 'guild_id': '438287744683474947'}}
2019-02-13 07:39:40,274:DEBUG:discord.client: Dispatching event socket_response
2019-02-13 07:39:40,274:DEBUG:discord.client: Dispatching event message
2019-02-13 07:39:40,275:DEBUG:discord.client: Dispatching event command
2019-02-13 07:39:40,275:DEBUG:discord.client: Dispatching event command_completion
2019-02-13 07:39:50,724:DEBUG:discord.client: Dispatching event socket_raw_receive
2019-02-13 07:39:50,725:DEBUG:discord.gateway: WebSocket Event: {'t': 'TYPING_START', 's': 21, 'op': 0, 'd': {'user_id': '114796980739244032', 'timestamp': 1550036390, 'member': {'user': {'username': 'Aksu', 'id': '114796980739244032', 'discriminator': '1010', 'avatar': 'a_f43598dab095cea2684fddddd052ad72'}, 'roles': ['438287828284080139', '446410827386585099'], 'mute': False, 'joined_at': '2018-04-24T10:39:17.659000+00:00', 'deaf': False}, 'channel_id': '438288108891537409', 'guild_id': '438287744683474947'}}
2019-02-13 07:39:50,725:DEBUG:discord.client: Dispatching event socket_response
2019-02-13 07:39:50,725:DEBUG:discord.client: Dispatching event typing
2019-02-13 07:39:51,033:DEBUG:discord.client: Dispatching event socket_raw_receive
2019-02-13 07:39:51,033:DEBUG:discord.gateway: WebSocket Event: {'t': 'MESSAGE_CREATE', 's': 22, 'op': 0, 'd': {'type': 0, 'tts': False, 'timestamp': '2019-02-13T05:39:51.105000+00:00', 'pinned': False, 'nonce': '545116875365810176', 'mentions': [], 'mention_roles': [], 'mention_everyone': False, 'member': {'roles': ['438287828284080139', '446410827386585099'], 'mute': False, 'joined_at': '2018-04-24T10:39:17.659000+00:00', 'deaf': False}, 'id': '545116876355665923', 'embeds': [], 'edited_timestamp': None, 'content': '&goodnight', 'channel_id': '438288108891537409', 'author': {'username': 'Aksu', 'id': '114796980739244032', 'discriminator': '1010', 'avatar': 'a_f43598dab095cea2684fddddd052ad72'}, 'attachments': [], 'guild_id': '438287744683474947'}}
2019-02-13 07:39:51,033:DEBUG:discord.client: Dispatching event socket_response
2019-02-13 07:39:51,033:DEBUG:discord.client: Dispatching event message
2019-02-13 07:39:51,033:DEBUG:discord.client: Dispatching event command
2019-02-13 07:39:51,034:DEBUG:discord.client: Dispatching event command_completion
2019-02-13 07:40:00,776:DEBUG:discord.gateway: Keeping websocket alive with sequence 22
2019-02-13 07:40:00,920:DEBUG:discord.client: Dispatching event socket_raw_receive
2019-02-13 07:40:00,920:DEBUG:discord.gateway: WebSocket Event: {'t': None, 's': None, 'op': 11, 'd': None}
2019-02-13 07:40:00,920:DEBUG:discord.client: Dispatching event socket_response
2019-02-13 07:40:42,027:DEBUG:discord.gateway: Keeping websocket alive with sequence 22
2019-02-13 07:40:42,170:DEBUG:discord.client: Dispatching event socket_raw_receive
2019-02-13 07:40:42,170:DEBUG:discord.gateway: WebSocket Event: {'t': None, 's': None, 'op': 11, 'd': None}
2019-02-13 07:40:42,170:DEBUG:discord.client: Dispatching event socket_response
2019-02-13 07:41:23,278:DEBUG:discord.gateway: Keeping websocket alive with sequence 22
2019-02-13 07:41:23,421:DEBUG:discord.client: Dispatching event socket_raw_receive
2019-02-13 07:41:23,421:DEBUG:discord.gateway: WebSocket Event: {'t': None, 's': None, 'op': 11, 'd': None}
2019-02-13 07:41:23,422:DEBUG:discord.client: Dispatching event socket_response
2019-02-13 07:42:04,529:DEBUG:discord.gateway: Keeping websocket alive with sequence 22
2019-02-13 07:42:04,676:DEBUG:discord.client: Dispatching event socket_raw_receive
2019-02-13 07:42:04,677:DEBUG:discord.gateway: WebSocket Event: {'t': None, 's': None, 'op': 11, 'd': None}
2019-02-13 07:42:04,677:DEBUG:discord.client: Dispatching event socket_response
2019-02-13 07:42:24,428:DEBUG:discord.client: Dispatching event socket_raw_receive
2019-02-13 07:42:24,429:DEBUG:discord.gateway: WebSocket Event: {'t': 'PRESENCE_UPDATE', 's': 23, 'op': 0, 'd': {'user': {'id': '114796980739244032'}, 'status': 'online', 'roles': ['438287828284080139', '446410827386585099'], 'guild_id': '438287744683474947', 'game': {'type': 2, 'timestamps': {'start': 1550036543938, 'end': 1550036676011}, 'sync_id': '1rtYGowPGXV17ioj8nwCd3', 'state': 'Baltic House Orchestra', 'session_id': '60f7bcb529ac1a51c859feb715bfca8a', 'party': {'id': 'spotify:114796980739244032'}, 'name': 'Spotify', 'id': 'spotify:1', 'flags': 48, 'details': 'Country Roads (From the "Fallout 76" Teaser Trailer) [Recreated Version]', 'created_at': 1550036544573, 'assets': {'large_text': 'Country Roads (From the "Fallout 76" Teaser Trailer) [Recreated Version]', 'large_image': 'spotify:b896a1f25da6bc0bf6185f50540f344616d8a6b5'}}, 'client_status': {'desktop': 'online'}, 'activities': [{'type': 2, 'timestamps': {'start': 1550036543938, 'end': 1550036676011}, 'sync_id': '1rtYGowPGXV17ioj8nwCd3', 'state': 'Baltic House Orchestra', 'session_id': '60f7bcb529ac1a51c859feb715bfca8a', 'party': {'id': 'spotify:114796980739244032'}, 'name': 'Spotify', 'id': 'spotify:1', 'flags': 48, 'details': 'Country Roads (From the "Fallout 76" Teaser Trailer) [Recreated Version]', 'created_at': 1550036544573, 'assets': {'large_text': 'Country Roads (From the "Fallout 76" Teaser Trailer) [Recreated Version]', 'large_image': 'spotify:b896a1f25da6bc0bf6185f50540f344616d8a6b5'}}]}}
2019-02-13 07:42:24,429:DEBUG:discord.client: Dispatching event socket_response
2019-02-13 07:42:24,429:DEBUG:discord.client: Dispatching event member_update
2019-02-13 07:42:45,780:DEBUG:discord.gateway: Keeping websocket alive with sequence 23
2019-02-13 07:42:45,922:DEBUG:discord.client: Dispatching event socket_raw_receive
2019-02-13 07:42:45,922:DEBUG:discord.gateway: WebSocket Event: {'t': None, 's': None, 'op': 11, 'd': None}
2019-02-13 07:42:45,923:DEBUG:discord.client: Dispatching event socket_response
2019-02-13 07:42:50,905:DEBUG:discord.client: Dispatching event socket_raw_receive
2019-02-13 07:42:50,905:DEBUG:discord.gateway: WebSocket Event: {'t': 'TYPING_START', 's': 24, 'op': 0, 'd': {'user_id': '114796980739244032', 'timestamp': 1550036571, 'member': {'user': {'username': 'Aksu', 'id': '114796980739244032', 'discriminator': '1010', 'avatar': 'a_f43598dab095cea2684fddddd052ad72'}, 'roles': ['438287828284080139', '446410827386585099'], 'mute': False, 'joined_at': '2018-04-24T10:39:17.659000+00:00', 'deaf': False}, 'channel_id': '438288108891537409', 'guild_id': '438287744683474947'}}
2019-02-13 07:42:50,905:DEBUG:discord.client: Dispatching event socket_response
2019-02-13 07:42:50,905:DEBUG:discord.client: Dispatching event typing
2019-02-13 07:42:51,742:DEBUG:discord.client: Dispatching event socket_raw_receive
2019-02-13 07:42:51,743:DEBUG:discord.gateway: WebSocket Event: {'t': 'MESSAGE_CREATE', 's': 25, 'op': 0, 'd': {'type': 0, 'tts': False, 'timestamp': '2019-02-13T05:42:51.810000+00:00', 'pinned': False, 'nonce': '545117633201045504', 'mentions': [], 'mention_roles': [], 'mention_everyone': False, 'member': {'roles': ['438287828284080139', '446410827386585099'], 'mute': False, 'joined_at': '2018-04-24T10:39:17.659000+00:00', 'deaf': False}, 'id': '545117634287370251', 'embeds': [], 'edited_timestamp': None, 'content': '&reload', 'channel_id': '438288108891537409', 'author': {'username': 'Aksu', 'id': '114796980739244032', 'discriminator': '1010', 'avatar': 'a_f43598dab095cea2684fddddd052ad72'}, 'attachments': [], 'guild_id': '438287744683474947'}}
2019-02-13 07:42:51,743:DEBUG:discord.client: Dispatching event socket_response
2019-02-13 07:42:51,743:DEBUG:discord.client: Dispatching event message
2019-02-13 07:42:51,743:DEBUG:discord.client: Dispatching event command
2019-02-13 07:42:52,405:DEBUG:discord.client: Dispatching event socket_raw_receive
2019-02-13 07:42:52,406:DEBUG:discord.gateway: WebSocket Event: {'t': 'MESSAGE_CREATE', 's': 26, 'op': 0, 'd': {'type': 0, 'tts': False, 'timestamp': '2019-02-13T05:42:52.405000+00:00', 'pinned': False, 'nonce': None, 'mentions': [], 'mention_roles': [], 'mention_everyone': False, 'member': {'roles': ['532564451896066060'], 'mute': False, 'joined_at': '2019-01-09T14:20:59.952000+00:00', 'deaf': False}, 'id': '545117636782981121', 'embeds': [], 'edited_timestamp': None, 'content': 'Reloading cogs:```css\n.shadownet - success\n.help - success\n.upkeep - success\n```', 'channel_id': '438288108891537409', 'author': {'username': 'AK-5UBot', 'id': '532563047508738048', 'discriminator': '0523', 'bot': True, 'avatar': 'de8ff3f1fafb9f43a30d2f76b11f04cd'}, 'attachments': [], 'guild_id': '438287744683474947'}}
2019-02-13 07:42:52,406:DEBUG:discord.client: Dispatching event socket_response
2019-02-13 07:42:52,406:DEBUG:discord.client: Dispatching event message
2019-02-13 07:42:52,851:DEBUG:discord.http: POST https://discordapp.com/api/v6/channels/438288108891537409/messages with {"content":"Reloading cogs:```css\n.shadownet - success\n.help - success\n.upkeep - success\n```"} has returned 200
2019-02-13 07:42:52,851:DEBUG:discord.http: POST https://discordapp.com/api/v6/channels/438288108891537409/messages has received {'nonce': None, 'attachments': [], 'tts': False, 'embeds': [], 'timestamp': '2019-02-13T05:42:52.405000+00:00', 'mention_everyone': False, 'id': '545117636782981121', 'pinned': False, 'edited_timestamp': None, 'author': {'username': 'AK-5UBot', 'discriminator': '0523', 'bot': True, 'id': '532563047508738048', 'avatar': 'de8ff3f1fafb9f43a30d2f76b11f04cd'}, 'mention_roles': [], 'content': 'Reloading cogs:```css\n.shadownet - success\n.help - success\n.upkeep - success\n```', 'channel_id': '438288108891537409', 'mentions': [], 'type': 0}
2019-02-13 07:42:52,852:DEBUG:discord.client: Dispatching event command_completion
2019-02-13 07:42:53,703:DEBUG:discord.client: Dispatching event socket_raw_receive
2019-02-13 07:42:53,703:DEBUG:discord.gateway: WebSocket Event: {'t': 'TYPING_START', 's': 27, 'op': 0, 'd': {'user_id': '114796980739244032', 'timestamp': 1550036573, 'member': {'user': {'username': 'Aksu', 'id': '114796980739244032', 'discriminator': '1010', 'avatar': 'a_f43598dab095cea2684fddddd052ad72'}, 'roles': ['438287828284080139', '446410827386585099'], 'mute': False, 'joined_at': '2018-04-24T10:39:17.659000+00:00', 'deaf': False}, 'channel_id': '438288108891537409', 'guild_id': '438287744683474947'}}
2019-02-13 07:42:53,703:DEBUG:discord.client: Dispatching event socket_response
2019-02-13 07:42:53,703:DEBUG:discord.client: Dispatching event typing
2019-02-13 07:42:58,747:DEBUG:discord.client: Dispatching event socket_raw_receive
2019-02-13 07:42:58,748:DEBUG:discord.gateway: WebSocket Event: {'t': 'MESSAGE_CREATE', 's': 28, 'op': 0, 'd': {'type': 0, 'tts': False, 'timestamp': '2019-02-13T05:42:58.797000+00:00', 'pinned': False, 'nonce': '545117662531813376', 'mentions': [], 'mention_roles': [], 'mention_everyone': False, 'member': {'roles': ['438287828284080139', '446410827386585099'], 'mute': False, 'joined_at': '2018-04-24T10:39:17.659000+00:00', 'deaf': False}, 'id': '545117663593103372', 'embeds': [], 'edited_timestamp': None, 'content': '&goodnight', 'channel_id': '438288108891537409', 'author': {'username': 'Aksu', 'id': '114796980739244032', 'discriminator': '1010', 'avatar': 'a_f43598dab095cea2684fddddd052ad72'}, 'attachments': [], 'guild_id': '438287744683474947'}}
2019-02-13 07:42:58,748:DEBUG:discord.client: Dispatching event socket_response
2019-02-13 07:42:58,748:DEBUG:discord.client: Dispatching event message
2019-02-13 07:42:58,748:DEBUG:discord.client: Dispatching event command
2019-02-13 07:42:58,748:DEBUG:discord.client: Dispatching event command_completion
2019-02-13 07:43:27,030:DEBUG:discord.gateway: Keeping websocket alive with sequence 28
2019-02-13 07:43:27,173:DEBUG:discord.client: Dispatching event socket_raw_receive
2019-02-13 07:43:27,173:DEBUG:discord.gateway: WebSocket Event: {'t': None, 's': None, 'op': 11, 'd': None}
2019-02-13 07:43:27,173:DEBUG:discord.client: Dispatching event socket_response
2019-02-13 07:44:08,281:DEBUG:discord.gateway: Keeping websocket alive with sequence 28
2019-02-13 07:44:08,423:DEBUG:discord.client: Dispatching event socket_raw_receive
2019-02-13 07:44:08,423:DEBUG:discord.gateway: WebSocket Event: {'t': None, 's': None, 'op': 11, 'd': None}
2019-02-13 07:44:08,423:DEBUG:discord.client: Dispatching event socket_response
2019-02-13 07:44:27,163:DEBUG:discord.client: Dispatching event socket_raw_receive
2019-02-13 07:44:27,163:DEBUG:discord.gateway: WebSocket Event: {'t': 'TYPING_START', 's': 29, 'op': 0, 'd': {'user_id': '114796980739244032', 'timestamp': 1550036667, 'member': {'user': {'username': 'Aksu', 'id': '114796980739244032', 'discriminator': '1010', 'avatar': 'a_f43598dab095cea2684fddddd052ad72'}, 'roles': ['438287828284080139', '446410827386585099'], 'mute': False, 'joined_at': '2018-04-24T10:39:17.659000+00:00', 'deaf': False}, 'channel_id': '438288108891537409', 'guild_id': '438287744683474947'}}
2019-02-13 07:44:27,163:DEBUG:discord.client: Dispatching event socket_response
2019-02-13 07:44:27,164:DEBUG:discord.client: Dispatching event typing
2019-02-13 07:44:28,024:DEBUG:discord.client: Dispatching event socket_raw_receive
2019-02-13 07:44:28,025:DEBUG:discord.gateway: WebSocket Event: {'t': 'MESSAGE_CREATE', 's': 30, 'op': 0, 'd': {'type': 0, 'tts': False, 'timestamp': '2019-02-13T05:44:28.160000+00:00', 'pinned': False, 'nonce': '545118037007663104', 'mentions': [], 'mention_roles': [], 'mention_everyone': False, 'member': {'roles': ['438287828284080139', '446410827386585099'], 'mute': False, 'joined_at': '2018-04-24T10:39:17.659000+00:00', 'deaf': False}, 'id': '545118038408560669', 'embeds': [], 'edited_timestamp': None, 'content': '&reload', 'channel_id': '438288108891537409', 'author': {'username': 'Aksu', 'id': '114796980739244032', 'discriminator': '1010', 'avatar': 'a_f43598dab095cea2684fddddd052ad72'}, 'attachments': [], 'guild_id': '438287744683474947'}}
2019-02-13 07:44:28,025:DEBUG:discord.client: Dispatching event socket_response
2019-02-13 07:44:28,025:DEBUG:discord.client: Dispatching event message
2019-02-13 07:44:28,025:DEBUG:discord.client: Dispatching event command
2019-02-13 07:44:28,214:DEBUG:discord.client: Dispatching event socket_raw_receive
2019-02-13 07:44:28,214:DEBUG:discord.gateway: WebSocket Event: {'t': 'MESSAGE_CREATE', 's': 31, 'op': 0, 'd': {'type': 0, 'tts': False, 'timestamp': '2019-02-13T05:44:28.291000+00:00', 'pinned': False, 'nonce': None, 'mentions': [], 'mention_roles': [], 'mention_everyone': False, 'member': {'roles': ['532564451896066060'], 'mute': False, 'joined_at': '2019-01-09T14:20:59.952000+00:00', 'deaf': False}, 'id': '545118038958276619', 'embeds': [], 'edited_timestamp': None, 'content': 'Reloading cogs:```css\n.shadownet - success\n.help - success\n.upkeep - success\n```', 'channel_id': '438288108891537409', 'author': {'username': 'AK-5UBot', 'id': '532563047508738048', 'discriminator': '0523', 'bot': True, 'avatar': 'de8ff3f1fafb9f43a30d2f76b11f04cd'}, 'attachments': [], 'guild_id': '438287744683474947'}}
2019-02-13 07:44:28,214:DEBUG:discord.client: Dispatching event socket_response
2019-02-13 07:44:28,214:DEBUG:discord.client: Dispatching event message
2019-02-13 07:44:28,220:DEBUG:discord.http: POST https://discordapp.com/api/v6/channels/438288108891537409/messages with {"content":"Reloading cogs:```css\n.shadownet - success\n.help - success\n.upkeep - success\n```"} has returned 200
2019-02-13 07:44:28,220:DEBUG:discord.http: POST https://discordapp.com/api/v6/channels/438288108891537409/messages has received {'nonce': None, 'attachments': [], 'tts': False, 'embeds': [], 'timestamp': '2019-02-13T05:44:28.291000+00:00', 'mention_everyone': False, 'id': '545118038958276619', 'pinned': False, 'edited_timestamp': None, 'author': {'username': 'AK-5UBot', 'discriminator': '0523', 'bot': True, 'id': '532563047508738048', 'avatar': 'de8ff3f1fafb9f43a30d2f76b11f04cd'}, 'mention_roles': [], 'content': 'Reloading cogs:```css\n.shadownet - success\n.help - success\n.upkeep - success\n```', 'channel_id': '438288108891537409', 'mentions': [], 'type': 0}
2019-02-13 07:44:28,220:DEBUG:discord.client: Dispatching event command_completion
2019-02-13 07:44:32,565:DEBUG:discord.client: Dispatching event socket_raw_receive
2019-02-13 07:44:32,565:DEBUG:discord.gateway: WebSocket Event: {'t': 'TYPING_START', 's': 32, 'op': 0, 'd': {'user_id': '114796980739244032', 'timestamp': 1550036672, 'member': {'user': {'username': 'Aksu', 'id': '114796980739244032', 'discriminator': '1010', 'avatar': 'a_f43598dab095cea2684fddddd052ad72'}, 'roles': ['438287828284080139', '446410827386585099'], 'mute': False, 'joined_at': '2018-04-24T10:39:17.659000+00:00', 'deaf': False}, 'channel_id': '438288108891537409', 'guild_id': '438287744683474947'}}
2019-02-13 07:44:32,565:DEBUG:discord.client: Dispatching event socket_response
2019-02-13 07:44:32,565:DEBUG:discord.client: Dispatching event typing
2019-02-13 07:44:34,595:DEBUG:discord.client: Dispatching event socket_raw_receive
2019-02-13 07:44:34,595:DEBUG:discord.gateway: WebSocket Event: {'t': 'MESSAGE_CREATE', 's': 33, 'op': 0, 'd': {'type': 0, 'tts': False, 'timestamp': '2019-02-13T05:44:34.737000+00:00', 'pinned': False, 'nonce': '545118064685875200', 'mentions': [], 'mention_roles': [], 'mention_everyone': False, 'member': {'roles': ['438287828284080139', '446410827386585099'], 'mute': False, 'joined_at': '2018-04-24T10:39:17.659000+00:00', 'deaf': False}, 'id': '545118065994629150', 'embeds': [], 'edited_timestamp': None, 'content': '&goodnight', 'channel_id': '438288108891537409', 'author': {'username': 'Aksu', 'id': '114796980739244032', 'discriminator': '1010', 'avatar': 'a_f43598dab095cea2684fddddd052ad72'}, 'attachments': [], 'guild_id': '438287744683474947'}}
2019-02-13 07:44:34,595:DEBUG:discord.client: Dispatching event socket_response
2019-02-13 07:44:34,596:DEBUG:discord.client: Dispatching event message
2019-02-13 07:44:34,596:DEBUG:discord.client: Dispatching event command
2019-02-13 07:44:34,598:DEBUG:discord.client: Dispatching event command_completion
2019-02-13 07:44:37,049:DEBUG:discord.client: Dispatching event socket_raw_receive
2019-02-13 07:44:37,049:DEBUG:discord.gateway: WebSocket Event: {'t': 'PRESENCE_UPDATE', 's': 34, 'op': 0, 'd': {'user': {'id': '114796980739244032'}, 'status': 'online', 'roles': ['438287828284080139', '446410827386585099'], 'guild_id': '438287744683474947', 'game': {'type': 2, 'timestamps': {'start': 1550036676579, 'end': 1550036840205}, 'sync_id': '4EoUALVwY4i7U6uKRhk8hr', 'state': 'Dion', 'session_id': '60f7bcb529ac1a51c859feb715bfca8a', 'party': {'id': 'spotify:114796980739244032'}, 'name': 'Spotify', 'id': 'spotify:1', 'flags': 48, 'details': 'The Wanderer', 'created_at': 1550036677190, 'assets': {'large_text': 'The Best Of Dion & The Belmonts', 'large_image': 'spotify:74470744abc64968a4b92613f0c13e462f4a0350'}}, 'client_status': {'desktop': 'online'}, 'activities': [{'type': 2, 'timestamps': {'start': 1550036676579, 'end': 1550036840205}, 'sync_id': '4EoUALVwY4i7U6uKRhk8hr', 'state': 'Dion', 'session_id': '60f7bcb529ac1a51c859feb715bfca8a', 'party': {'id': 'spotify:114796980739244032'}, 'name': 'Spotify', 'id': 'spotify:1', 'flags': 48, 'details': 'The Wanderer', 'created_at': 1550036677190, 'assets': {'large_text': 'The Best Of Dion & The Belmonts', 'large_image': 'spotify:74470744abc64968a4b92613f0c13e462f4a0350'}}]}}
2019-02-13 07:44:37,049:DEBUG:discord.client: Dispatching event socket_response
2019-02-13 07:44:37,049:DEBUG:discord.client: Dispatching event member_update
2019-02-13 07:44:49,531:DEBUG:discord.gateway: Keeping websocket alive with sequence 34
2019-02-13 07:44:49,674:DEBUG:discord.client: Dispatching event socket_raw_receive
2019-02-13 07:44:49,674:DEBUG:discord.gateway: WebSocket Event: {'t': None, 's': None, 'op': 11, 'd': None}
2019-02-13 07:44:49,674:DEBUG:discord.client: Dispatching event socket_response
2019-02-13 07:45:30,782:DEBUG:discord.gateway: Keeping websocket alive with sequence 34
2019-02-13 07:45:30,926:DEBUG:discord.client: Dispatching event socket_raw_receive
2019-02-13 07:45:30,927:DEBUG:discord.gateway: WebSocket Event: {'t': None, 's': None, 'op': 11, 'd': None}
2019-02-13 07:45:30,927:DEBUG:discord.client: Dispatching event socket_response
2019-02-13 07:46:12,033:DEBUG:discord.gateway: Keeping websocket alive with sequence 34
2019-02-13 07:46:12,176:DEBUG:discord.client: Dispatching event socket_raw_receive
2019-02-13 07:46:12,177:DEBUG:discord.gateway: WebSocket Event: {'t': None, 's': None, 'op': 11, 'd': None}
2019-02-13 07:46:12,177:DEBUG:discord.client: Dispatching event socket_response
2019-02-13 07:46:37,072:DEBUG:discord.client: Dispatching event socket_raw_receive
2019-02-13 07:46:37,072:DEBUG:discord.gateway: WebSocket Event: {'t': 'TYPING_START', 's': 35, 'op': 0, 'd': {'user_id': '114796980739244032', 'timestamp': 1550036797, 'member': {'user': {'username': 'Aksu', 'id': '114796980739244032', 'discriminator': '1010', 'avatar': 'a_f43598dab095cea2684fddddd052ad72'}, 'roles': ['438287828284080139', '446410827386585099'], 'mute': False, 'joined_at': '2018-04-24T10:39:17.659000+00:00', 'deaf': False}, 'channel_id': '438288108891537409', 'guild_id': '438287744683474947'}}
2019-02-13 07:46:37,072:DEBUG:discord.client: Dispatching event socket_response
2019-02-13 07:46:37,072:DEBUG:discord.client: Dispatching event typing
2019-02-13 07:46:38,065:DEBUG:discord.client: Dispatching event socket_raw_receive
2019-02-13 07:46:38,066:DEBUG:discord.gateway: WebSocket Event: {'t': 'MESSAGE_CREATE', 's': 36, 'op': 0, 'd': {'type': 0, 'tts': False, 'timestamp': '2019-02-13T05:46:38.070000+00:00', 'pinned': False, 'nonce': '545118582313320448', 'mentions': [], 'mention_roles': [], 'mention_everyone': False, 'member': {'roles': ['438287828284080139', '446410827386585099'], 'mute': False, 'joined_at': '2018-04-24T10:39:17.659000+00:00', 'deaf': False}, 'id': '545118583290724356', 'embeds': [], 'edited_timestamp': None, 'content': '&reload', 'channel_id': '438288108891537409', 'author': {'username': 'Aksu', 'id': '114796980739244032', 'discriminator': '1010', 'avatar': 'a_f43598dab095cea2684fddddd052ad72'}, 'attachments': [], 'guild_id': '438287744683474947'}}
2019-02-13 07:46:38,066:DEBUG:discord.client: Dispatching event socket_response
2019-02-13 07:46:38,066:DEBUG:discord.client: Dispatching event message
2019-02-13 07:46:38,066:DEBUG:discord.client: Dispatching event command
2019-02-13 07:46:38,254:DEBUG:discord.client: Dispatching event socket_raw_receive
2019-02-13 07:46:38,254:DEBUG:discord.gateway: WebSocket Event: {'t': 'MESSAGE_CREATE', 's': 37, 'op': 0, 'd': {'type': 0, 'tts': False, 'timestamp': '2019-02-13T05:46:38.392000+00:00', 'pinned': False, 'nonce': None, 'mentions': [], 'mention_roles': [], 'mention_everyone': False, 'member': {'roles': ['532564451896066060'], 'mute': False, 'joined_at': '2019-01-09T14:20:59.952000+00:00', 'deaf': False}, 'id': '545118584641159178', 'embeds': [], 'edited_timestamp': None, 'content': 'Reloading cogs:```css\n.shadownet - success\n.help - success\n.upkeep - success\n```', 'channel_id': '438288108891537409', 'author': {'username': 'AK-5UBot', 'id': '532563047508738048', 'discriminator': '0523', 'bot': True, 'avatar': 'de8ff3f1fafb9f43a30d2f76b11f04cd'}, 'attachments': [], 'guild_id': '438287744683474947'}}
2019-02-13 07:46:38,254:DEBUG:discord.client: Dispatching event socket_response
2019-02-13 07:46:38,255:DEBUG:discord.client: Dispatching event message
2019-02-13 07:46:38,263:DEBUG:discord.http: POST https://discordapp.com/api/v6/channels/438288108891537409/messages with {"content":"Reloading cogs:```css\n.shadownet - success\n.help - success\n.upkeep - success\n```"} has returned 200
2019-02-13 07:46:38,264:DEBUG:discord.http: POST https://discordapp.com/api/v6/channels/438288108891537409/messages has received {'nonce': None, 'attachments': [], 'tts': False, 'embeds': [], 'timestamp': '2019-02-13T05:46:38.392000+00:00', 'mention_everyone': False, 'id': '545118584641159178', 'pinned': False, 'edited_timestamp': None, 'author': {'username': 'AK-5UBot', 'discriminator': '0523', 'bot': True, 'id': '532563047508738048', 'avatar': 'de8ff3f1fafb9f43a30d2f76b11f04cd'}, 'mention_roles': [], 'content': 'Reloading cogs:```css\n.shadownet - success\n.help - success\n.upkeep - success\n```', 'channel_id': '438288108891537409', 'mentions': [], 'type': 0}
2019-02-13 07:46:38,264:DEBUG:discord.client: Dispatching event command_completion
2019-02-13 07:46:39,468:DEBUG:discord.client: Dispatching event socket_raw_receive
2019-02-13 07:46:39,468:DEBUG:discord.gateway: WebSocket Event: {'t': 'TYPING_START', 's': 38, 'op': 0, 'd': {'user_id': '114796980739244032', 'timestamp': 1550036799, 'member': {'user': {'username': 'Aksu', 'id': '114796980739244032', 'discriminator': '1010', 'avatar': 'a_f43598dab095cea2684fddddd052ad72'}, 'roles': ['438287828284080139', '446410827386585099'], 'mute': False, 'joined_at': '2018-04-24T10:39:17.659000+00:00', 'deaf': False}, 'channel_id': '438288108891537409', 'guild_id': '438287744683474947'}}
2019-02-13 07:46:39,468:DEBUG:discord.client: Dispatching event socket_response
2019-02-13 07:46:39,468:DEBUG:discord.client: Dispatching event typing
2019-02-13 07:46:41,077:DEBUG:discord.client: Dispatching event socket_raw_receive
2019-02-13 07:46:41,077:DEBUG:discord.gateway: WebSocket Event: {'t': 'MESSAGE_CREATE', 's': 39, 'op': 0, 'd': {'type': 0, 'tts': False, 'timestamp': '2019-02-13T05:46:41.208000+00:00', 'pinned': False, 'nonce': '545118594300641280', 'mentions': [], 'mention_roles': [], 'mention_everyone': False, 'member': {'roles': ['438287828284080139', '446410827386585099'], 'mute': False, 'joined_at': '2018-04-24T10:39:17.659000+00:00', 'deaf': False}, 'id': '545118596452581376', 'embeds': [], 'edited_timestamp': None, 'content': '&goodnight', 'channel_id': '438288108891537409', 'author': {'username': 'Aksu', 'id': '114796980739244032', 'discriminator': '1010', 'avatar': 'a_f43598dab095cea2684fddddd052ad72'}, 'attachments': [], 'guild_id': '438287744683474947'}}
2019-02-13 07:46:41,077:DEBUG:discord.client: Dispatching event socket_response
2019-02-13 07:46:41,077:DEBUG:discord.client: Dispatching event message
2019-02-13 07:46:41,078:DEBUG:discord.client: Dispatching event command
2019-02-13 07:46:41,079:DEBUG:discord.client: Dispatching event command_completion
2019-02-13 07:46:53,283:DEBUG:discord.gateway: Keeping websocket alive with sequence 39
2019-02-13 07:46:53,425:DEBUG:discord.client: Dispatching event socket_raw_receive
2019-02-13 07:46:53,425:DEBUG:discord.gateway: WebSocket Event: {'t': None, 's': None, 'op': 11, 'd': None}
2019-02-13 07:46:53,425:DEBUG:discord.client: Dispatching event socket_response
2019-02-13 07:47:21,210:DEBUG:discord.client: Dispatching event socket_raw_receive
2019-02-13 07:47:21,210:DEBUG:discord.gateway: WebSocket Event: {'t': 'PRESENCE_UPDATE', 's': 40, 'op': 0, 'd': {'user': {'id': '114796980739244032'}, 'status': 'online', 'roles': ['438287828284080139', '446410827386585099'], 'guild_id': '438287744683474947', 'game': {'type': 2, 'timestamps': {'start': 1550036840686, 'end': 1550037070060}, 'sync_id': '0qeKzbUsW0V4ZWRJrHNiD3', 'state': 'Inner Circle', 'session_id': '60f7bcb529ac1a51c859feb715bfca8a', 'party': {'id': 'spotify:114796980739244032'}, 'name': 'Spotify', 'id': 'spotify:1', 'flags': 48, 'details': 'Bad Boys (Theme from COPS)', 'created_at': 1550036841351, 'assets': {'large_text': "Blazzin' Fire", 'large_image': 'spotify:48703d59cc5e093a33b2d53423f607ecb1a9402a'}}, 'client_status': {'desktop': 'online'}, 'activities': [{'type': 2, 'timestamps': {'start': 1550036840686, 'end': 1550037070060}, 'sync_id': '0qeKzbUsW0V4ZWRJrHNiD3', 'state': 'Inner Circle', 'session_id': '60f7bcb529ac1a51c859feb715bfca8a', 'party': {'id': 'spotify:114796980739244032'}, 'name': 'Spotify', 'id': 'spotify:1', 'flags': 48, 'details': 'Bad Boys (Theme from COPS)', 'created_at': 1550036841351, 'assets': {'large_text': "Blazzin' Fire", 'large_image': 'spotify:48703d59cc5e093a33b2d53423f607ecb1a9402a'}}]}}
2019-02-13 07:47:21,210:DEBUG:discord.client: Dispatching event socket_response
2019-02-13 07:47:21,210:DEBUG:discord.client: Dispatching event member_update
2019-02-13 07:47:34,534:DEBUG:discord.gateway: Keeping websocket alive with sequence 40
2019-02-13 07:47:34,677:DEBUG:discord.client: Dispatching event socket_raw_receive
2019-02-13 07:47:34,678:DEBUG:discord.gateway: WebSocket Event: {'t': None, 's': None, 'op': 11, 'd': None}
2019-02-13 07:47:34,678:DEBUG:discord.client: Dispatching event socket_response
